# JRE version: OpenJDK Runtime Environment (8.0_191-b12) (build 1.8.0_191-8u191-b12-2ubuntu0.16.04.1-b12)
# Java VM: OpenJDK 64-Bit Server VM (25.191-b12 mixed mode linux-amd64 compressed oops)
Heap:
 PSYoungGen      total 101888K, used 59169K [0x000000076d200000, 0x0000000774200000, 0x00000007c0000000)
  eden space 91648K, 53% used [0x000000076d200000,0x00000007701cf670,0x0000000772b80000)
  from space 10240K, 99% used [0x0000000773580000,0x0000000773f78ec0,0x0000000773f80000)
  to   space 10240K, 0% used [0x0000000772b80000,0x0000000772b80000,0x0000000773580000)
 ParOldGen       total 110080K, used 14764K [0x00000006c7600000, 0x00000006ce180000, 0x000000076d200000)
  object space 110080K, 13% used [0x00000006c7600000,0x00000006c846b378,0x00000006ce180000)
 Metaspace       used 33625K, capacity 35342K, committed 35416K, reserved 1079296K
  class space    used 4347K, capacity 4694K, committed 4736K, reserved 1048576K
GC Heap History (10 events):
Event: 0.599 GC heap before
{Heap before GC invocations=1 (full 0):
 PSYoungGen      total 74752K, used 64512K [0x000000076d200000, 0x0000000772500000, 0x00000007c0000000)
  eden space 64512K, 100% used [0x000000076d200000,0x0000000771100000,0x0000000771100000)
  from space 10240K, 0% used [0x0000000771b00000,0x0000000771b00000,0x0000000772500000)
  to   space 10240K, 0% used [0x0000000771100000,0x0000000771100000,0x0000000771b00000)
 ParOldGen       total 171008K, used 15K [0x00000006c7600000, 0x00000006d1d00000, 0x000000076d200000)
  object space 171008K, 0% used [0x00000006c7600000,0x00000006c7603c10,0x00000006d1d00000)
 Metaspace       used 15095K, capacity 15506K, committed 15744K, reserved 1062912K
  class space    used 1961K, capacity 2085K, committed 2176K, reserved 1048576K
Event: 0.605 GC heap after
Heap after GC invocations=1 (full 0):
 PSYoungGen      total 74752K, used 8174K [0x000000076d200000, 0x0000000772500000, 0x00000007c0000000)
  eden space 64512K, 0% used [0x000000076d200000,0x000000076d200000,0x0000000771100000)
  from space 10240K, 79% used [0x0000000771100000,0x00000007718fbb88,0x0000000771b00000)
  to   space 10240K, 0% used [0x0000000771b00000,0x0000000771b00000,0x0000000772500000)
 ParOldGen       total 171008K, used 31K [0x00000006c7600000, 0x00000006d1d00000, 0x000000076d200000)
  object space 171008K, 0% used [0x00000006c7600000,0x00000006c7607c10,0x00000006d1d00000)
 Metaspace       used 15095K, capacity 15506K, committed 15744K, reserved 1062912K
  class space    used 1961K, capacity 2085K, committed 2176K, reserved 1048576K
}
Event: 0.779 GC heap before
{Heap before GC invocations=2 (full 0):
 PSYoungGen      total 74752K, used 52001K [0x000000076d200000, 0x0000000772500000, 0x00000007c0000000)
  eden space 64512K, 67% used [0x000000076d200000,0x000000076fccc9c0,0x0000000771100000)
  from space 10240K, 79% used [0x0000000771100000,0x00000007718fbb88,0x0000000771b00000)
  to   space 10240K, 0% used [0x0000000771b00000,0x0000000771b00000,0x0000000772500000)
 ParOldGen       total 171008K, used 31K [0x00000006c7600000, 0x00000006d1d00000, 0x000000076d200000)
  object space 171008K, 0% used [0x00000006c7600000,0x00000006c7607c10,0x00000006d1d00000)
 Metaspace       used 20729K, capacity 21200K, committed 21248K, reserved 1067008K
  class space    used 2655K, capacity 2808K, committed 2816K, reserved 1048576K
Event: 0.786 GC heap after
Heap after GC invocations=2 (full 0):
 PSYoungGen      total 74752K, used 9183K [0x000000076d200000, 0x0000000776400000, 0x00000007c0000000)
  eden space 64512K, 0% used [0x000000076d200000,0x000000076d200000,0x0000000771100000)
  from space 10240K, 89% used [0x0000000771b00000,0x00000007723f7c40,0x0000000772500000)
  to   space 10240K, 0% used [0x0000000771100000,0x0000000771100000,0x0000000771b00000)
 ParOldGen       total 171008K, used 39K [0x00000006c7600000, 0x00000006d1d00000, 0x000000076d200000)
  object space 171008K, 0% used [0x00000006c7600000,0x00000006c7609c10,0x00000006d1d00000)
 Metaspace       used 20729K, capacity 21200K, committed 21248K, reserved 1067008K
  class space    used 2655K, capacity 2808K, committed 2816K, reserved 1048576K
}
Event: 0.786 GC heap before
{Heap before GC invocations=3 (full 1):
 PSYoungGen      total 74752K, used 9183K [0x000000076d200000, 0x0000000776400000, 0x00000007c0000000)
  eden space 64512K, 0% used [0x000000076d200000,0x000000076d200000,0x0000000771100000)
  from space 10240K, 89% used [0x0000000771b00000,0x00000007723f7c40,0x0000000772500000)
  to   space 10240K, 0% used [0x0000000771100000,0x0000000771100000,0x0000000771b00000)
 ParOldGen       total 171008K, used 39K [0x00000006c7600000, 0x00000006d1d00000, 0x000000076d200000)
  object space 171008K, 0% used [0x00000006c7600000,0x00000006c7609c10,0x00000006d1d00000)
 Metaspace       used 20729K, capacity 21200K, committed 21248K, reserved 1067008K
  class space    used 2655K, capacity 2808K, committed 2816K, reserved 1048576K
Event: 0.811 GC heap after
Heap after GC invocations=3 (full 1):
 PSYoungGen      total 74752K, used 0K [0x000000076d200000, 0x0000000776400000, 0x00000007c0000000)
  eden space 64512K, 0% used [0x000000076d200000,0x000000076d200000,0x0000000771100000)
  from space 10240K, 0% used [0x0000000771b00000,0x0000000771b00000,0x0000000772500000)
  to   space 10240K, 0% used [0x0000000771100000,0x0000000771100000,0x0000000771b00000)
 ParOldGen       total 110080K, used 8806K [0x00000006c7600000, 0x00000006ce180000, 0x000000076d200000)
  object space 110080K, 8% used [0x00000006c7600000,0x00000006c7e99a30,0x00000006ce180000)
 Metaspace       used 20728K, capacity 21194K, committed 21248K, reserved 1067008K
  class space    used 2654K, capacity 2807K, committed 2816K, reserved 1048576K
}
Event: 1.184 GC heap before
{Heap before GC invocations=4 (full 1):
 PSYoungGen      total 74752K, used 64512K [0x000000076d200000, 0x0000000776400000, 0x00000007c0000000)
  eden space 64512K, 100% used [0x000000076d200000,0x0000000771100000,0x0000000771100000)
  from space 10240K, 0% used [0x0000000771b00000,0x0000000771b00000,0x0000000772500000)
  to   space 10240K, 0% used [0x0000000771100000,0x0000000771100000,0x0000000771b00000)
 ParOldGen       total 110080K, used 8813K [0x00000006c7600000, 0x00000006ce180000, 0x000000076d200000)
  object space 110080K, 8% used [0x00000006c7600000,0x00000006c7e9b5e0,0x00000006ce180000)
 Metaspace       used 24914K, capacity 25792K, committed 25984K, reserved 1071104K
  class space    used 3221K, capacity 3442K, committed 3456K, reserved 1048576K
Event: 1.191 GC heap after
Heap after GC invocations=4 (full 1):
 PSYoungGen      total 74752K, used 7412K [0x000000076d200000, 0x0000000773f80000, 0x00000007c0000000)
  eden space 64512K, 0% used [0x000000076d200000,0x000000076d200000,0x0000000771100000)
  from space 10240K, 72% used [0x0000000771100000,0x000000077183d280,0x0000000771b00000)
  to   space 10240K, 0% used [0x0000000773580000,0x0000000773580000,0x0000000773f80000)
 ParOldGen       total 110080K, used 8885K [0x00000006c7600000, 0x00000006ce180000, 0x000000076d200000)
  object space 110080K, 8% used [0x00000006c7600000,0x00000006c7ead5f0,0x00000006ce180000)
 Metaspace       used 24914K, capacity 25792K, committed 25984K, reserved 1071104K
  class space    used 3221K, capacity 3442K, committed 3456K, reserved 1048576K
}
Event: 1.625 GC heap before
{Heap before GC invocations=5 (full 1):
 PSYoungGen      total 74752K, used 71924K [0x000000076d200000, 0x0000000773f80000, 0x00000007c0000000)
  eden space 64512K, 100% used [0x000000076d200000,0x0000000771100000,0x0000000771100000)
  from space 10240K, 72% used [0x0000000771100000,0x000000077183d280,0x0000000771b00000)
  to   space 10240K, 0% used [0x0000000773580000,0x0000000773580000,0x0000000773f80000)
 ParOldGen       total 110080K, used 8885K [0x00000006c7600000, 0x00000006ce180000, 0x000000076d200000)
  object space 110080K, 8% used [0x00000006c7600000,0x00000006c7ead5f0,0x00000006ce180000)
 Metaspace       used 30392K, capacity 31778K, committed 31872K, reserved 1077248K
  class space    used 3908K, capacity 4199K, committed 4224K, reserved 1048576K
Event: 1.642 GC heap after
Heap after GC invocations=5 (full 1):
 PSYoungGen      total 101888K, used 10211K [0x000000076d200000, 0x0000000774200000, 0x00000007c0000000)
  eden space 91648K, 0% used [0x000000076d200000,0x000000076d200000,0x0000000772b80000)
  from space 10240K, 99% used [0x0000000773580000,0x0000000773f78ec0,0x0000000773f80000)
  to   space 10240K, 0% used [0x0000000772b80000,0x0000000772b80000,0x0000000773580000)
 ParOldGen       total 110080K, used 14764K [0x00000006c7600000, 0x00000006ce180000, 0x000000076d200000)
  object space 110080K, 13% used [0x00000006c7600000,0x00000006c846b378,0x00000006ce180000)
 Metaspace       used 30392K, capacity 31778K, committed 31872K, reserved 1077248K
  class space    used 3908K, capacity 4199K, committed 4224K, reserved 1048576K
}

